<?xml version="1.0" encoding="UTF-8"?>
<!-- Generated by org.testng.reporters.JUnitReportReporter -->
<testsuite hostname="Pranav" failures="0" tests="3" name="day21.Demo1_TestNg" time="0.017" errors="0" timestamp="2025-01-28T21:45:46 IST" skipped="0">
  <testcase classname="day21.Demo1_TestNg" name="openWebsite" time="0.013"/>
  <testcase classname="day21.Demo1_TestNg" name="loginToWebsite" time="0.002"/>
  <testcase classname="day21.Demo1_TestNg" name="close" time="0.002"/>
</testsuite> <!-- day21.Demo1_TestNg -->
