<?xml version="1.0" encoding="UTF-8"?>
<!-- Generated by org.testng.reporters.JUnitReportReporter -->
<testsuite hostname="Pranav" failures="0" tests="2" name="groupsInTestNG.TestNGGroups" time="0.020" errors="0" timestamp="2025-03-08T14:14:57 IST" skipped="0">
  <testcase classname="groupsInTestNG.TestNGGroups" name="testFunctional" time="0.016"/>
  <system-out/>
  <testcase classname="groupsInTestNG.TestNGGroups" name="testSmoke" time="0.004"/>
  <system-out/>
</testsuite> <!-- groupsInTestNG.TestNGGroups -->
