<?xml version="1.0" encoding="UTF-8"?>
<!-- Generated by org.testng.reporters.JUnitReportReporter -->
<testsuite hostname="Pranav" failures="0" tests="1" name="pack10.LoginTestCase" time="11.193" errors="0" timestamp="2025-03-08T14:19:07 IST" skipped="0">
  <testcase classname="pack10.LoginTestCase" name="testLogin" time="11.193"/>
  <system-out/>
</testsuite> <!-- pack10.LoginTestCase -->
