<?xml version="1.0" encoding="UTF-8"?>
<!-- Generated by org.testng.reporters.JUnitReportReporter -->
<testsuite hostname="Pranav" failures="0" tests="5" name="testNGDemo.FirstTestCase" time="0.026" errors="0" timestamp="2025-02-10T11:55:01 IST" skipped="0">
  <testcase classname="testNGDemo.FirstTestCase" name="login" time="0.003"/>
  <system-out>
    <![CDATA[Login to app using username and password]]>
  </system-out>
  <testcase classname="testNGDemo.FirstTestCase" name="logout" time="0.003"/>
  <system-out>
    <![CDATA[Logout from aweb app....]]>
  </system-out>
  <testcase classname="testNGDemo.FirstTestCase" name="login" time="0.015"/>
  <system-out>
    <![CDATA[Login to app using username and password]]>
  </system-out>
  <testcase classname="testNGDemo.FirstTestCase" name="openapp" time="0.002"/>
  <system-out>
    <![CDATA[open app ....]]>
  </system-out>
  <testcase classname="testNGDemo.FirstTestCase" name="login" time="0.003"/>
  <system-out>
    <![CDATA[Login to app using username and password]]>
  </system-out>
</testsuite> <!-- testNGDemo.FirstTestCase -->
