<?xml version="1.0" encoding="UTF-8"?>
<!-- Generated by org.testng.reporters.JUnitReportReporter -->
<testsuite hostname="Pranav" failures="0" tests="3" name="DataDrivenTesting.Demo_DDT" time="26.367" errors="0" timestamp="2025-04-08T10:19:11 IST" skipped="0">
  <testcase classname="DataDrivenTesting.Demo_DDT" name="login" time="8.023"/>
  <system-out/>
  <testcase classname="DataDrivenTesting.Demo_DDT" name="login" time="12.547"/>
  <system-out/>
  <testcase classname="DataDrivenTesting.Demo_DDT" name="login" time="5.797"/>
  <system-out/>
</testsuite> <!-- DataDrivenTesting.Demo_DDT -->
