<?xml version="1.0" encoding="UTF-8"?>
<!-- Generated by org.testng.reporters.JUnitReportReporter -->
<testsuite hostname="Pranav" failures="0" tests="3" name="parameterization.Demo1" time="42.374" errors="0" timestamp="2025-02-05T14:08:32 IST" skipped="0">
  <testcase classname="parameterization.Demo1" name="login" time="13.792"/>
  <system-out/>
  <testcase classname="parameterization.Demo1" name="login" time="12.046"/>
  <system-out/>
  <testcase classname="parameterization.Demo1" name="login" time="16.536"/>
  <system-out/>
</testsuite> <!-- parameterization.Demo1 -->
