<?xml version="1.0" encoding="UTF-8"?>
<!-- Generated by org.testng.reporters.JUnitReportReporter -->
<testsuite hostname="Pranav" failures="0" tests="3" name="pack8.ParallelMethodRun" time="0.071" errors="0" timestamp="2025-03-08T14:21:19 IST" skipped="0">
  <testcase classname="pack8.ParallelMethodRun" name="third" time="0.024"/>
  <system-out/>
  <testcase classname="pack8.ParallelMethodRun" name="second" time="0.024"/>
  <system-out/>
  <testcase classname="pack8.ParallelMethodRun" name="one" time="0.023"/>
  <system-out/>
</testsuite> <!-- pack8.ParallelMethodRun -->
